  CI411_Week3_SimpleRPG.cpp
C:\Users\rubbe\OneDrive - University of Brighton\NK407_Modules\CI411\workshops\CI411_Week3_SimpleRPG - Copy\CI411_Week3_SimpleRPG\CI411_Week3_SimpleRPG.cpp(67,11): warning C4129: ' ': unrecognized character escape sequence
C:\Users\rubbe\OneDrive - University of Brighton\NK407_Modules\CI411\workshops\CI411_Week3_SimpleRPG - Copy\CI411_Week3_SimpleRPG\CI411_Week3_SimpleRPG.cpp(69,11): warning C4129: '	': unrecognized character escape sequence
C:\Users\rubbe\OneDrive - University of Brighton\NK407_Modules\CI411\workshops\CI411_Week3_SimpleRPG - Copy\CI411_Week3_SimpleRPG\CI411_Week3_SimpleRPG.cpp(71,11): warning C4129: '	': unrecognized character escape sequence
C:\Users\rubbe\OneDrive - University of Brighton\NK407_Modules\CI411\workshops\CI411_Week3_SimpleRPG - Copy\CI411_Week3_SimpleRPG\CI411_Week3_SimpleRPG.cpp(73,11): warning C4129: '*': unrecognized character escape sequence
C:\Users\rubbe\OneDrive - University of Brighton\NK407_Modules\CI411\workshops\CI411_Week3_SimpleRPG - Copy\CI411_Week3_SimpleRPG\CI411_Week3_SimpleRPG.cpp(73,11): warning C4129: '	': unrecognized character escape sequence
C:\Users\rubbe\OneDrive - University of Brighton\NK407_Modules\CI411\workshops\CI411_Week3_SimpleRPG - Copy\CI411_Week3_SimpleRPG\CI411_Week3_SimpleRPG.cpp(77,11): warning C4129: ' ': unrecognized character escape sequence
C:\Users\rubbe\OneDrive - University of Brighton\NK407_Modules\CI411\workshops\CI411_Week3_SimpleRPG - Copy\CI411_Week3_SimpleRPG\CI411_Week3_SimpleRPG.cpp(77,11): warning C4129: '$': unrecognized character escape sequence
C:\Users\rubbe\OneDrive - University of Brighton\NK407_Modules\CI411\workshops\CI411_Week3_SimpleRPG - Copy\CI411_Week3_SimpleRPG\CI411_Week3_SimpleRPG.cpp(79,11): warning C4129: '|': unrecognized character escape sequence
C:\Users\rubbe\OneDrive - University of Brighton\NK407_Modules\CI411\workshops\CI411_Week3_SimpleRPG - Copy\CI411_Week3_SimpleRPG\CI411_Week3_SimpleRPG.cpp(81,11): warning C4129: ' ': unrecognized character escape sequence
C:\Users\rubbe\OneDrive - University of Brighton\NK407_Modules\CI411\workshops\CI411_Week3_SimpleRPG - Copy\CI411_Week3_SimpleRPG\CI411_Week3_SimpleRPG.cpp(83,11): warning C4129: '|': unrecognized character escape sequence
C:\Users\rubbe\OneDrive - University of Brighton\NK407_Modules\CI411\workshops\CI411_Week3_SimpleRPG - Copy\CI411_Week3_SimpleRPG\CI411_Week3_SimpleRPG.cpp(85,11): warning C4129: '	': unrecognized character escape sequence
C:\Users\rubbe\OneDrive - University of Brighton\NK407_Modules\CI411\workshops\CI411_Week3_SimpleRPG - Copy\CI411_Week3_SimpleRPG\CI411_Week3_SimpleRPG.cpp(87,11): warning C4129: ' ': unrecognized character escape sequence
C:\Users\rubbe\OneDrive - University of Brighton\NK407_Modules\CI411\workshops\CI411_Week3_SimpleRPG - Copy\CI411_Week3_SimpleRPG\CI411_Week3_SimpleRPG.cpp(89,11): warning C4129: '.': unrecognized character escape sequence
C:\Users\rubbe\OneDrive - University of Brighton\NK407_Modules\CI411\workshops\CI411_Week3_SimpleRPG - Copy\CI411_Week3_SimpleRPG\CI411_Week3_SimpleRPG.cpp(91,11): warning C4129: 'J': unrecognized character escape sequence
C:\Users\rubbe\OneDrive - University of Brighton\NK407_Modules\CI411\workshops\CI411_Week3_SimpleRPG - Copy\CI411_Week3_SimpleRPG\CI411_Week3_SimpleRPG.cpp(91,11): warning C4129: ' ': unrecognized character escape sequence
C:\Users\rubbe\OneDrive - University of Brighton\NK407_Modules\CI411\workshops\CI411_Week3_SimpleRPG - Copy\CI411_Week3_SimpleRPG\CI411_Week3_SimpleRPG.cpp(93,11): warning C4129: '%': unrecognized character escape sequence
C:\Users\rubbe\OneDrive - University of Brighton\NK407_Modules\CI411\workshops\CI411_Week3_SimpleRPG - Copy\CI411_Week3_SimpleRPG\CI411_Week3_SimpleRPG.cpp(95,11): warning C4129: ' ': unrecognized character escape sequence
C:\Users\rubbe\OneDrive - University of Brighton\NK407_Modules\CI411\workshops\CI411_Week3_SimpleRPG - Copy\CI411_Week3_SimpleRPG\CI411_Week3_SimpleRPG.cpp(107,11): warning C4129: ' ': unrecognized character escape sequence
C:\Users\rubbe\OneDrive - University of Brighton\NK407_Modules\CI411\workshops\CI411_Week3_SimpleRPG - Copy\CI411_Week3_SimpleRPG\CI411_Week3_SimpleRPG.cpp(135,11): warning C4129: '	': unrecognized character escape sequence
C:\Users\rubbe\OneDrive - University of Brighton\NK407_Modules\CI411\workshops\CI411_Week3_SimpleRPG - Copy\CI411_Week3_SimpleRPG\CI411_Week3_SimpleRPG.cpp(137,11): warning C4129: ' ': unrecognized character escape sequence
C:\Users\rubbe\OneDrive - University of Brighton\NK407_Modules\CI411\workshops\CI411_Week3_SimpleRPG - Copy\CI411_Week3_SimpleRPG\CI411_Week3_SimpleRPG.cpp(137,11): warning C4129: '	': unrecognized character escape sequence
C:\Users\rubbe\OneDrive - University of Brighton\NK407_Modules\CI411\workshops\CI411_Week3_SimpleRPG - Copy\CI411_Week3_SimpleRPG\CI411_Week3_SimpleRPG.cpp(145,9): warning C4101: 'collision': unreferenced local variable
  CI411_Week3_SimpleRPG.vcxproj -> C:\Users\rubbe\OneDrive - University of Brighton\NK407_Modules\CI411\workshops\CI411_Week3_SimpleRPG - Copy\x64\Debug\CI411_Week3_SimpleRPG.exe
